Overriding memory to 4096 MB alters the task from its intended configuration. This could disqualify you from leaderboard submissions for some benchmarks.
Overriding memory to 4096 MB alters the task from its intended configuration. This could disqualify you from leaderboard submissions for some benchmarks.
Overriding memory to 4096 MB alters the task from its intended configuration. This could disqualify you from leaderboard submissions for some benchmarks.
Overriding memory to 4096 MB alters the task from its intended configuration. This could disqualify you from leaderboard submissions for some benchmarks.
Wrote opencode trajectory to .arena/runs/run-20260325-191922-1eb80b/router-phase1/officeqa-uid0187__6YBjfS5/agent/trajectory.json
  PASS officeqa-uid0187 (reward=1.00)
Overriding memory to 4096 MB alters the task from its intended configuration. This could disqualify you from leaderboard submissions for some benchmarks.
Wrote opencode trajectory to .arena/runs/run-20260325-191922-1eb80b/router-phase1/officeqa-uid0025__fTvej82/agent/trajectory.json
Wrote opencode trajectory to .arena/runs/run-20260325-191922-1eb80b/router-phase1/officeqa-uid0082__DqQfNkC/agent/trajectory.json
  PASS officeqa-uid0025 (reward=1.00)
Overriding memory to 4096 MB alters the task from its intended configuration. This could disqualify you from leaderboard submissions for some benchmarks.
  FAIL officeqa-uid0082 (reward=0.00)
Overriding memory to 4096 MB alters the task from its intended configuration. This could disqualify you from leaderboard submissions for some benchmarks.
  FAIL officeqa-uid0189 (reward=0.00)
Overriding memory to 4096 MB alters the task from its intended configuration. This could disqualify you from leaderboard submissions for some benchmarks.
Wrote opencode trajectory to .arena/runs/run-20260325-191922-1eb80b/router-phase1/officeqa-uid0049__f4xHd6E/agent/trajectory.json
  PASS officeqa-uid0049 (reward=1.00)
Overriding memory to 4096 MB alters the task from its intended configuration. This could disqualify you from leaderboard submissions for some benchmarks.
Wrote opencode trajectory to .arena/runs/run-20260325-191922-1eb80b/router-phase1/officeqa-uid0136__sJUkcoV/agent/trajectory.json
  PASS officeqa-uid0136 (reward=1.00)
Overriding memory to 4096 MB alters the task from its intended configuration. This could disqualify you from leaderboard submissions for some benchmarks.
Wrote opencode trajectory to .arena/runs/run-20260325-191922-1eb80b/router-phase1/officeqa-uid0056__ECFNaUx/agent/trajectory.json
Wrote opencode trajectory to .arena/runs/run-20260325-191922-1eb80b/router-phase1/officeqa-uid0050__pL4ennF/agent/trajectory.json
  PASS officeqa-uid0056 (reward=1.00)
Overriding memory to 4096 MB alters the task from its intended configuration. This could disqualify you from leaderboard submissions for some benchmarks.
  FAIL officeqa-uid0050 (reward=0.00)
Overriding memory to 4096 MB alters the task from its intended configuration. This could disqualify you from leaderboard submissions for some benchmarks.
Wrote opencode trajectory to .arena/runs/run-20260325-191922-1eb80b/router-phase1/officeqa-uid0102__XxkJNsr/agent/trajectory.json
  PASS officeqa-uid0102 (reward=1.00)
Overriding memory to 4096 MB alters the task from its intended configuration. This could disqualify you from leaderboard submissions for some benchmarks.
Wrote opencode trajectory to .arena/runs/run-20260325-191922-1eb80b/router-phase1/officeqa-uid0158__ZkrB5ac/agent/trajectory.json
  FAIL officeqa-uid0158 (reward=0.00)
Overriding memory to 4096 MB alters the task from its intended configuration. This could disqualify you from leaderboard submissions for some benchmarks.
Wrote opencode trajectory to .arena/runs/run-20260325-191922-1eb80b/router-phase1/officeqa-uid0128__fssUM23/agent/trajectory.json
  PASS officeqa-uid0128 (reward=1.00)
Overriding memory to 4096 MB alters the task from its intended configuration. This could disqualify you from leaderboard submissions for some benchmarks.
Wrote opencode trajectory to .arena/runs/run-20260325-191922-1eb80b/router-phase1/officeqa-uid0116__af2CwBc/agent/trajectory.json
  FAIL officeqa-uid0116 (reward=0.00)
Overriding memory to 4096 MB alters the task from its intended configuration. This could disqualify you from leaderboard submissions for some benchmarks.
  FAIL officeqa-uid0012 (reward=0.00)
Overriding memory to 4096 MB alters the task from its intended configuration. This could disqualify you from leaderboard submissions for some benchmarks.
Wrote opencode trajectory to .arena/runs/run-20260325-191922-1eb80b/router-phase1/officeqa-uid0051__AstiafR/agent/trajectory.json
  PASS officeqa-uid0051 (reward=1.00)
Overriding memory to 4096 MB alters the task from its intended configuration. This could disqualify you from leaderboard submissions for some benchmarks.
Wrote opencode trajectory to .arena/runs/run-20260325-191922-1eb80b/router-phase1/officeqa-uid0144__QxdzNY6/agent/trajectory.json
  PASS officeqa-uid0144 (reward=1.00)
Overriding memory to 4096 MB alters the task from its intended configuration. This could disqualify you from leaderboard submissions for some benchmarks.
Wrote opencode trajectory to .arena/runs/run-20260325-191922-1eb80b/router-phase1/officeqa-uid0139__J9ieaKC/agent/trajectory.json
  PASS officeqa-uid0139 (reward=1.00)
Overriding memory to 4096 MB alters the task from its intended configuration. This could disqualify you from leaderboard submissions for some benchmarks.
Wrote opencode trajectory to .arena/runs/run-20260325-191922-1eb80b/router-phase1/officeqa-uid0241__WYQAxVZ/agent/trajectory.json
  FAIL officeqa-uid0241 (reward=0.00)
Wrote opencode trajectory to .arena/runs/run-20260325-191922-1eb80b/router-phase1/officeqa-uid0152__PEEwwTE/agent/trajectory.json
  PASS officeqa-uid0152 (reward=1.00)
Wrote opencode trajectory to .arena/runs/run-20260325-191922-1eb80b/router-phase1/officeqa-uid0135__RnXQku5/agent/trajectory.json
  FAIL officeqa-uid0135 (reward=0.00)
Wrote opencode trajectory to .arena/runs/run-20260325-191922-1eb80b/router-phase1/officeqa-uid0083__reJcv6s/agent/trajectory.json
  PASS officeqa-uid0083 (reward=1.00)
  20/20 Mean: 0.600 ━━━━━━━━━━━━━━━━━━━━━━━━━━━━━━━━━━━━━━━━ 0:43:26 0:00:00Results written to .arena/runs/run-20260325-191922-1eb80b/router-phase1/result.json

  Score: 0.600
  Tasks: 12 passed, 8 failed (20 total)
  Avg latency: 476.8s
  Total cost: $3.66
                      Task Results                       
┏━━━━━━━━━━━━━━━━━━┳━━━━━━━━┳━━━━━━━━┳━━━━━━━━━┳━━━━━━━━┓
┃ Task             ┃ Status ┃ Reward ┃ Latency ┃ Cost   ┃
┡━━━━━━━━━━━━━━━━━━╇━━━━━━━━╇━━━━━━━━╇━━━━━━━━━╇━━━━━━━━┩
│ officeqa-uid0025 │ PASS   │ 1.00   │ 373.5s  │ $0.180 │
│ officeqa-uid0189 │ FAIL   │ 0.00   │ 414.6s  │ $0.000 │
│ officeqa-uid0082 │ FAIL   │ 0.00   │ 383.6s  │ $0.115 │
│ officeqa-uid0187 │ PASS   │ 1.00   │ 304.5s  │ $0.103 │
│ officeqa-uid0049 │ PASS   │ 1.00   │ 373.1s  │ $0.119 │
│ officeqa-uid0056 │ PASS   │ 1.00   │ 550.6s  │ $0.221 │
│ officeqa-uid0050 │ FAIL   │ 0.00   │ 545.2s  │ $0.095 │
│ officeqa-uid0136 │ PASS   │ 1.00   │ 414.6s  │ $0.048 │
│ officeqa-uid0158 │ FAIL   │ 0.00   │ 660.2s  │ $0.317 │
│ officeqa-uid0144 │ PASS   │ 1.00   │ 1018.8s │ $0.469 │
│ officeqa-uid0102 │ PASS   │ 1.00   │ 356.8s  │ $0.107 │
│ officeqa-uid0128 │ PASS   │ 1.00   │ 553.4s  │ $0.371 │
│ officeqa-uid0116 │ FAIL   │ 0.00   │ 285.4s  │ $0.137 │
│ officeqa-uid0012 │ FAIL   │ 0.00   │ 351.5s  │ $0.000 │
│ officeqa-uid0051 │ PASS   │ 1.00   │ 224.7s  │ $0.068 │
│ officeqa-uid0241 │ FAIL   │ 0.00   │ 625.3s  │ $0.318 │
│ officeqa-uid0139 │ PASS   │ 1.00   │ 446.8s  │ $0.230 │
│ officeqa-uid0135 │ FAIL   │ 0.00   │ 703.6s  │ $0.327 │
│ officeqa-uid0083 │ PASS   │ 1.00   │ 758.9s  │ $0.420 │
│ officeqa-uid0152 │ PASS   │ 1.00   │ 190.0s  │ $0.012 │
└──────────────────┴────────┴────────┴─────────┴────────┘
